c:\users\yneva\desktop\njv-2019\njv-2019\debug\njv-2019.pch.codeanalysis
c:\users\yneva\desktop\njv-2019\njv-2019\debug\vc141.pdb
c:\users\yneva\desktop\njv-2019\njv-2019\debug\vc141.idb
c:\users\yneva\desktop\njv-2019\njv-2019\debug\njv-2019.pch.codeanalysisast
c:\users\yneva\desktop\njv-2019\njv-2019\debug\pch.nativecodeanalysis.xml
c:\users\yneva\desktop\njv-2019\njv-2019\debug\pch.obj
c:\users\yneva\desktop\njv-2019\njv-2019\debug\polishnotation.nativecodeanalysis.xml
c:\users\yneva\desktop\njv-2019\njv-2019\debug\parm.nativecodeanalysis.xml
c:\users\yneva\desktop\njv-2019\njv-2019\debug\njv-2019.nativecodeanalysis.xml
c:\users\yneva\desktop\njv-2019\njv-2019\debug\mfst.nativecodeanalysis.xml
c:\users\yneva\desktop\njv-2019\njv-2019\debug\lt.nativecodeanalysis.xml
c:\users\yneva\desktop\njv-2019\njv-2019\debug\log.nativecodeanalysis.xml
c:\users\yneva\desktop\njv-2019\njv-2019\debug\lexicalanalysis.nativecodeanalysis.xml
c:\users\yneva\desktop\njv-2019\njv-2019\debug\it.nativecodeanalysis.xml
c:\users\yneva\desktop\njv-2019\njv-2019\debug\in.nativecodeanalysis.xml
c:\users\yneva\desktop\njv-2019\njv-2019\debug\greibach.nativecodeanalysis.xml
c:\users\yneva\desktop\njv-2019\njv-2019\debug\generation.nativecodeanalysis.xml
c:\users\yneva\desktop\njv-2019\njv-2019\debug\fst.nativecodeanalysis.xml
c:\users\yneva\desktop\njv-2019\njv-2019\debug\error.nativecodeanalysis.xml
c:\users\yneva\desktop\njv-2019\njv-2019\debug\error.obj
c:\users\yneva\desktop\njv-2019\njv-2019\debug\fst.obj
c:\users\yneva\desktop\njv-2019\njv-2019\debug\generation.obj
c:\users\yneva\desktop\njv-2019\njv-2019\debug\greibach.obj
c:\users\yneva\desktop\njv-2019\njv-2019\debug\in.obj
c:\users\yneva\desktop\njv-2019\njv-2019\debug\it.obj
c:\users\yneva\desktop\njv-2019\njv-2019\debug\lexicalanalysis.obj
c:\users\yneva\desktop\njv-2019\njv-2019\debug\log.obj
c:\users\yneva\desktop\njv-2019\njv-2019\debug\lt.obj
c:\users\yneva\desktop\njv-2019\njv-2019\debug\mfst.obj
c:\users\yneva\desktop\njv-2019\njv-2019\debug\njv-2019.obj
c:\users\yneva\desktop\njv-2019\njv-2019\debug\parm.obj
c:\users\yneva\desktop\njv-2019\njv-2019\debug\polishnotation.obj
c:\users\yneva\desktop\njv-2019\debug\njv-2019.ilk
c:\users\yneva\desktop\njv-2019\debug\njv-2019.exe
c:\users\yneva\desktop\njv-2019\debug\njv-2019.pdb
c:\users\yneva\desktop\njv-2019\njv-2019\debug\nativecodeanalysis.read.1.tlog
c:\users\yneva\desktop\njv-2019\njv-2019\debug\vc.nativecodeanalysis.all.xml
c:\users\yneva\desktop\njv-2019\debug\njv-2019.exe.lastcodeanalysissucceeded
c:\users\yneva\desktop\njv-2019\njv-2019\debug\njv-2019.tlog\cl.command.1.tlog
c:\users\yneva\desktop\njv-2019\njv-2019\debug\njv-2019.tlog\cl.read.1.tlog
c:\users\yneva\desktop\njv-2019\njv-2019\debug\njv-2019.tlog\cl.write.1.tlog
c:\users\yneva\desktop\njv-2019\njv-2019\debug\njv-2019.tlog\link.command.1.tlog
c:\users\yneva\desktop\njv-2019\njv-2019\debug\njv-2019.tlog\link.read.1.tlog
c:\users\yneva\desktop\njv-2019\njv-2019\debug\njv-2019.tlog\link.write.1.tlog
